This is pdfTeX, Version 3.141592653-2.6-1.40.29 (TeX Live 2026/Homebrew) (preloaded format=pdflatex 2026.3.4)  19 MAY 2026 13:18
entering extended mode
 restricted \write18 enabled.
 %&-line parsing enabled.
**main.tex
(./main.tex
LaTeX2e <2025-11-01>
L3 programming layer <2026-01-19>

(/opt/homebrew/Cellar/texlive/20260301/share/texmf-dist/tex/latex/ieeetran/IEEE
tran.cls
Document Class: IEEEtran 2015/08/26 V1.8b by Michael Shell
-- See the "IEEEtran_HOWTO" manual for usage information.
-- http://www.michaelshell.org/tex/ieeetran/
\@IEEEtrantmpdimenA=\dimen148
\@IEEEtrantmpdimenB=\dimen149
\@IEEEtrantmpdimenC=\dimen150
\@IEEEtrantmpcountA=\count275
\@IEEEtrantmpcountB=\count276
\@IEEEtrantmpcountC=\count277
\@IEEEtrantmptoksA=\toks17
LaTeX Font Info:    Trying to load font information for OT1+ppl on input line 5
03.

(/opt/homebrew/Cellar/texlive/20260301/share/texmf-dist/tex/latex/psnfss/ot1ppl
.fd
File: ot1ppl.fd 2001/06/04 font definitions for OT1/ppl.
)
-- Using IEEE Computer Society mode.
-- Using 8.5in x 11in (letter) paper.
-- Using PDF output.
\@IEEEnormalsizeunitybaselineskip=\dimen151
-- This is a 10 point document.
LaTeX Encoding Info:    Redeclaring text command \textunderscore (encoding ?) o
n input line 937.
\CLASSINFOnormalsizebaselineskip=\dimen152
\CLASSINFOnormalsizeunitybaselineskip=\dimen153
\IEEEnormaljot=\dimen154
LaTeX Font Info:    Font shape `OT1/ppl/bx/n' in size <5.01874> not available
(Font)              Font shape `OT1/ppl/b/n' tried instead on input line 1090.
LaTeX Font Info:    Font shape `OT1/ppl/bx/it' in size <5.01874> not available
(Font)              Font shape `OT1/ppl/b/it' tried instead on input line 1090.

LaTeX Font Info:    Font shape `OT1/ppl/bx/n' in size <7.02625> not available
(Font)              Font shape `OT1/ppl/b/n' tried instead on input line 1090.
LaTeX Font Info:    Font shape `OT1/ppl/bx/it' in size <7.02625> not available
(Font)              Font shape `OT1/ppl/b/it' tried instead on input line 1090.

LaTeX Font Info:    Font shape `OT1/ppl/bx/n' in size <8.03> not available
(Font)              Font shape `OT1/ppl/b/n' tried instead on input line 1090.
LaTeX Font Info:    Font shape `OT1/ppl/bx/it' in size <8.03> not available
(Font)              Font shape `OT1/ppl/b/it' tried instead on input line 1090.

LaTeX Font Info:    Font shape `OT1/ppl/bx/n' in size <9.03374> not available
(Font)              Font shape `OT1/ppl/b/n' tried instead on input line 1090.
LaTeX Font Info:    Font shape `OT1/ppl/bx/it' in size <9.03374> not available
(Font)              Font shape `OT1/ppl/b/it' tried instead on input line 1090.

LaTeX Font Info:    Font shape `OT1/ppl/bx/n' in size <9.53561> not available
(Font)              Font shape `OT1/ppl/b/n' tried instead on input line 1090.
LaTeX Font Info:    Font shape `OT1/ppl/bx/it' in size <9.53561> not available
(Font)              Font shape `OT1/ppl/b/it' tried instead on input line 1090.

LaTeX Font Info:    Font shape `OT1/ppl/bx/n' in size <11.04124> not available
(Font)              Font shape `OT1/ppl/b/n' tried instead on input line 1090.
LaTeX Font Info:    Font shape `OT1/ppl/bx/it' in size <11.04124> not available

(Font)              Font shape `OT1/ppl/b/it' tried instead on input line 1090.

LaTeX Font Info:    Font shape `OT1/ppl/bx/n' in size <12.045> not available
(Font)              Font shape `OT1/ppl/b/n' tried instead on input line 1090.
LaTeX Font Info:    Font shape `OT1/ppl/bx/it' in size <12.045> not available
(Font)              Font shape `OT1/ppl/b/it' tried instead on input line 1090.

LaTeX Font Info:    Font shape `OT1/ppl/bx/n' in size <17.06374> not available
(Font)              Font shape `OT1/ppl/b/n' tried instead on input line 1090.
LaTeX Font Info:    Font shape `OT1/ppl/bx/it' in size <17.06374> not available

(Font)              Font shape `OT1/ppl/b/it' tried instead on input line 1090.

LaTeX Font Info:    Font shape `OT1/ppl/bx/n' in size <20.075> not available
(Font)              Font shape `OT1/ppl/b/n' tried instead on input line 1090.
LaTeX Font Info:    Font shape `OT1/ppl/bx/it' in size <20.075> not available
(Font)              Font shape `OT1/ppl/b/it' tried instead on input line 1090.

LaTeX Font Info:    Font shape `OT1/ppl/bx/n' in size <24.09> not available
(Font)              Font shape `OT1/ppl/b/n' tried instead on input line 1090.
LaTeX Font Info:    Font shape `OT1/ppl/bx/it' in size <24.09> not available
(Font)              Font shape `OT1/ppl/b/it' tried instead on input line 1090.

\IEEEquantizedlength=\dimen155
\IEEEquantizedlengthdiff=\dimen156
\IEEEquantizedtextheightdiff=\dimen157
\IEEEilabelindentA=\dimen158
\IEEEilabelindentB=\dimen159
\IEEEilabelindent=\dimen160
\IEEEelabelindent=\dimen161
\IEEEdlabelindent=\dimen162
\IEEElabelindent=\dimen163
\IEEEiednormlabelsep=\dimen164
\IEEEiedmathlabelsep=\dimen165
\IEEEiedtopsep=\skip49
\c@section=\count278
\c@subsection=\count279
\c@subsubsection=\count280
\c@paragraph=\count281
\c@IEEEsubequation=\count282
\abovecaptionskip=\skip50
\belowcaptionskip=\skip51
\c@figure=\count283
\c@table=\count284
\@IEEEeqnnumcols=\count285
\@IEEEeqncolcnt=\count286
\@IEEEsubeqnnumrollback=\count287
\@IEEEquantizeheightA=\dimen166
\@IEEEquantizeheightB=\dimen167
\@IEEEquantizeheightC=\dimen168
\@IEEEquantizeprevdepth=\dimen169
\@IEEEquantizemultiple=\count288
\@IEEEquantizeboxA=\box53
\@IEEEtmpitemindent=\dimen170
\IEEEPARstartletwidth=\dimen171
\c@IEEEbiography=\count289
\@IEEEtranrubishbin=\box54
)
(/opt/homebrew/Cellar/texlive/20260301/share/texmf-dist/tex/latex/amsmath/amsma
th.sty
Package: amsmath 2025/07/09 v2.17z AMS math features
\@mathmargin=\skip52

For additional information on amsmath, use the `?' option.

(/opt/homebrew/Cellar/texlive/20260301/share/texmf-dist/tex/latex/amsmath/amste
xt.sty
Package: amstext 2024/11/17 v2.01 AMS text

(/opt/homebrew/Cellar/texlive/20260301/share/texmf-dist/tex/latex/amsmath/amsge
n.sty
File: amsgen.sty 1999/11/30 v2.0 generic functions
\@emptytoks=\toks18
\ex@=\dimen172
))
(/opt/homebrew/Cellar/texlive/20260301/share/texmf-dist/tex/latex/amsmath/amsbs
y.sty
Package: amsbsy 1999/11/29 v1.2d Bold Symbols
\pmbraise@=\dimen173
)
(/opt/homebrew/Cellar/texlive/20260301/share/texmf-dist/tex/latex/amsmath/amsop
n.sty
Package: amsopn 2022/04/08 v2.04 operator names
)
\inf@bad=\count290
LaTeX Info: Redefining \frac on input line 233.
\uproot@=\count291
\leftroot@=\count292
LaTeX Info: Redefining \overline on input line 398.
LaTeX Info: Redefining \colon on input line 409.
\classnum@=\count293
\DOTSCASE@=\count294
LaTeX Info: Redefining \ldots on input line 495.
LaTeX Info: Redefining \dots on input line 498.
LaTeX Info: Redefining \cdots on input line 619.
\Mathstrutbox@=\box55
\strutbox@=\box56
LaTeX Info: Redefining \big on input line 721.
LaTeX Info: Redefining \Big on input line 722.
LaTeX Info: Redefining \bigg on input line 723.
LaTeX Info: Redefining \Bigg on input line 724.
\big@size=\dimen174
LaTeX Font Info:    Redeclaring font encoding OML on input line 742.
LaTeX Font Info:    Redeclaring font encoding OMS on input line 743.
\macc@depth=\count295
LaTeX Info: Redefining \bmod on input line 904.
LaTeX Info: Redefining \pmod on input line 909.
LaTeX Info: Redefining \smash on input line 939.
LaTeX Info: Redefining \relbar on input line 969.
LaTeX Info: Redefining \Relbar on input line 970.
\c@MaxMatrixCols=\count296
\dotsspace@=\muskip17
\c@parentequation=\count297
\dspbrk@lvl=\count298
\tag@help=\toks19
\row@=\count299
\column@=\count300
\maxfields@=\count301
\andhelp@=\toks20
\eqnshift@=\dimen175
\alignsep@=\dimen176
\tagshift@=\dimen177
\tagwidth@=\dimen178
\totwidth@=\dimen179
\lineht@=\dimen180
\@envbody=\toks21
\multlinegap=\skip53
\multlinetaggap=\skip54
\mathdisplay@stack=\toks22
LaTeX Info: Redefining \[ on input line 2950.
LaTeX Info: Redefining \] on input line 2951.
)
(/opt/homebrew/Cellar/texlive/20260301/share/texmf-dist/tex/latex/amsfonts/amsf
onts.sty
Package: amsfonts 2013/01/14 v3.01 Basic AMSFonts support
\symAMSa=\mathgroup4
\symAMSb=\mathgroup5
LaTeX Font Info:    Redeclaring math symbol \hbar on input line 98.
LaTeX Font Info:    Overwriting math alphabet `\mathfrak' in version `bold'
(Font)                  U/euf/m/n --> U/euf/b/n on input line 106.
)
(/opt/homebrew/Cellar/texlive/20260301/share/texmf-dist/tex/latex/algorithms/al
gorithm.sty
Package: algorithm 2009/08/24 v0.1 Document Style `algorithm' - floating enviro
nment

(/opt/homebrew/Cellar/texlive/20260301/share/texmf-dist/tex/latex/float/float.s
ty
Package: float 2001/11/08 v1.3d Float enhancements (AL)
\c@float@type=\count302
\float@exts=\toks23
\float@box=\box57
\@float@everytoks=\toks24
\@floatcapt=\box58
)
(/opt/homebrew/Cellar/texlive/20260301/share/texmf-dist/tex/latex/base/ifthen.s
ty
Package: ifthen 2024/03/16 v1.1e Standard LaTeX ifthen package (DPC)
)
\@float@every@algorithm=\toks25
\c@algorithm=\count303
)
(/opt/homebrew/Cellar/texlive/20260301/share/texmf-dist/tex/latex/algorithms/al
gorithmic.sty
Package: algorithmic 2009/08/24 v0.1 Document Style `algorithmic'

(/opt/homebrew/Cellar/texlive/20260301/share/texmf-dist/tex/latex/graphics/keyv
al.sty
Package: keyval 2022/05/29 v1.15 key=value parser (DPC)
\KV@toks@=\toks26
)
\c@ALC@unique=\count304
\c@ALC@line=\count305
\c@ALC@rem=\count306
\c@ALC@depth=\count307
\ALC@tlm=\skip55
\algorithmicindent=\skip56
)
(/opt/homebrew/Cellar/texlive/20260301/share/texmf-dist/tex/latex/tools/array.s
ty
Package: array 2025/09/25 v2.6n Tabular extension package (FMi)
\col@sep=\dimen181
\ar@mcellbox=\box59
\extrarowheight=\dimen182
\NC@list=\toks27
\extratabsurround=\skip57
\backup@length=\skip58
\ar@cellbox=\box60
)
(/opt/homebrew/Cellar/texlive/20260301/share/texmf-dist/tex/latex/booktabs/book
tabs.sty
Package: booktabs 2020/01/12 v1.61803398 Publication quality tables
\heavyrulewidth=\dimen183
\lightrulewidth=\dimen184
\cmidrulewidth=\dimen185
\belowrulesep=\dimen186
\belowbottomsep=\dimen187
\aboverulesep=\dimen188
\abovetopsep=\dimen189
\cmidrulesep=\dimen190
\cmidrulekern=\dimen191
\defaultaddspace=\dimen192
\@cmidla=\count308
\@cmidlb=\count309
\@aboverulesep=\dimen193
\@belowrulesep=\dimen194
\@thisruleclass=\count310
\@lastruleclass=\count311
\@thisrulewidth=\dimen195
)
(/opt/homebrew/Cellar/texlive/20260301/share/texmf-dist/tex/latex/graphics/grap
hicx.sty
Package: graphicx 2024/12/31 v1.2e Enhanced LaTeX Graphics (DPC,SPQR)

(/opt/homebrew/Cellar/texlive/20260301/share/texmf-dist/tex/latex/graphics/grap
hics.sty
Package: graphics 2024/08/06 v1.4g Standard LaTeX Graphics (DPC,SPQR)

(/opt/homebrew/Cellar/texlive/20260301/share/texmf-dist/tex/latex/graphics/trig
.sty
Package: trig 2023/12/02 v1.11 sin cos tan (DPC)
)
(/opt/homebrew/Cellar/texlive/20260301/share/texmf-dist/tex/latex/graphics-cfg/
graphics.cfg
File: graphics.cfg 2016/06/04 v1.11 sample graphics configuration
)
Package graphics Info: Driver file: pdftex.def on input line 106.

(/opt/homebrew/Cellar/texlive/20260301/share/texmf-dist/tex/latex/graphics-def/
pdftex.def
File: pdftex.def 2025/09/29 v1.2d Graphics/color driver for pdftex
))
\Gin@req@height=\dimen196
\Gin@req@width=\dimen197
)
(/opt/homebrew/Cellar/texlive/20260301/share/texmf-dist/tex/latex/multirow/mult
irow.sty
Package: multirow 2024/11/12 v2.9 Span multiple rows of a table
\multirow@colwidth=\skip59
\multirow@cntb=\count312
\multirow@dima=\skip60
\bigstrutjot=\dimen198
)
(/opt/homebrew/Cellar/texlive/20260301/share/texmf-dist/tex/latex/xcolor/xcolor
.sty
Package: xcolor 2024/09/29 v3.02 LaTeX color extensions (UK)

(/opt/homebrew/Cellar/texlive/20260301/share/texmf-dist/tex/latex/graphics-cfg/
color.cfg
File: color.cfg 2016/01/02 v1.6 sample color configuration
)
Package xcolor Info: Driver file: pdftex.def on input line 274.

(/opt/homebrew/Cellar/texlive/20260301/share/texmf-dist/tex/latex/graphics/math
color.ltx)
Package xcolor Info: Model `cmy' substituted by `cmy0' on input line 1349.
Package xcolor Info: Model `hsb' substituted by `rgb' on input line 1353.
Package xcolor Info: Model `RGB' extended on input line 1365.
Package xcolor Info: Model `HTML' substituted by `rgb' on input line 1367.
Package xcolor Info: Model `Hsb' substituted by `hsb' on input line 1368.
Package xcolor Info: Model `tHsb' substituted by `hsb' on input line 1369.
Package xcolor Info: Model `HSB' substituted by `hsb' on input line 1370.
Package xcolor Info: Model `Gray' substituted by `gray' on input line 1371.
Package xcolor Info: Model `wave' substituted by `hsb' on input line 1372.
)
(/opt/homebrew/Cellar/texlive/20260301/share/texmf-dist/tex/latex/url/url.sty
\Urlmuskip=\muskip18
Package: url 2013/09/16  ver 3.4  Verb mode for urls, etc.
)
(/opt/homebrew/Cellar/texlive/20260301/share/texmf-dist/tex/latex/hyperref/hype
rref.sty
Package: hyperref 2026-01-29 v7.01p Hypertext links for LaTeX

(/opt/homebrew/Cellar/texlive/20260301/share/texmf-dist/tex/generic/iftex/iftex
.sty
Package: iftex 2024/12/12 v1.0g TeX engine tests
)
(/opt/homebrew/Cellar/texlive/20260301/share/texmf-dist/tex/latex/kvsetkeys/kvs
etkeys.sty
Package: kvsetkeys 2022-10-05 v1.19 Key value parser (HO)
)
(/opt/homebrew/Cellar/texlive/20260301/share/texmf-dist/tex/generic/kvdefinekey
s/kvdefinekeys.sty
Package: kvdefinekeys 2019-12-19 v1.6 Define keys (HO)
)
(/opt/homebrew/Cellar/texlive/20260301/share/texmf-dist/tex/generic/pdfescape/p
dfescape.sty
Package: pdfescape 2019/12/09 v1.15 Implements pdfTeX's escape features (HO)

(/opt/homebrew/Cellar/texlive/20260301/share/texmf-dist/tex/generic/ltxcmds/ltx
cmds.sty
Package: ltxcmds 2023-12-04 v1.26 LaTeX kernel commands for general use (HO)
)
(/opt/homebrew/Cellar/texlive/20260301/share/texmf-dist/tex/generic/pdftexcmds/
pdftexcmds.sty
Package: pdftexcmds 2020-06-27 v0.33 Utility functions of pdfTeX for LuaTeX (HO
)

(/opt/homebrew/Cellar/texlive/20260301/share/texmf-dist/tex/generic/infwarerr/i
nfwarerr.sty
Package: infwarerr 2019/12/03 v1.5 Providing info/warning/error messages (HO)
)
Package pdftexcmds Info: \pdf@primitive is available.
Package pdftexcmds Info: \pdf@ifprimitive is available.
Package pdftexcmds Info: \pdfdraftmode found.
))
(/opt/homebrew/Cellar/texlive/20260301/share/texmf-dist/tex/latex/hycolor/hycol
or.sty
Package: hycolor 2020-01-27 v1.10 Color options for hyperref/bookmark (HO)
)
(/opt/homebrew/Cellar/texlive/20260301/share/texmf-dist/tex/latex/hyperref/name
ref.sty
Package: nameref 2026-01-29 v2.58 Cross-referencing by name of section

(/opt/homebrew/Cellar/texlive/20260301/share/texmf-dist/tex/latex/refcount/refc
ount.sty
Package: refcount 2019/12/15 v3.6 Data extraction from label references (HO)
)
(/opt/homebrew/Cellar/texlive/20260301/share/texmf-dist/tex/generic/gettitlestr
ing/gettitlestring.sty
Package: gettitlestring 2019/12/15 v1.6 Cleanup title references (HO)

(/opt/homebrew/Cellar/texlive/20260301/share/texmf-dist/tex/latex/kvoptions/kvo
ptions.sty
Package: kvoptions 2022-06-15 v3.15 Key value format for package options (HO)
))
\c@section@level=\count313
)
(/opt/homebrew/Cellar/texlive/20260301/share/texmf-dist/tex/latex/etoolbox/etoo
lbox.sty
Package: etoolbox 2025/10/02 v2.5m e-TeX tools for LaTeX (JAW)
\etb@tempcnta=\count314
)
(/opt/homebrew/Cellar/texlive/20260301/share/texmf-dist/tex/generic/stringenc/s
tringenc.sty
Package: stringenc 2019/11/29 v1.12 Convert strings between diff. encodings (HO
)
)
\@linkdim=\dimen199
\Hy@linkcounter=\count315
\Hy@pagecounter=\count316

(/opt/homebrew/Cellar/texlive/20260301/share/texmf-dist/tex/latex/hyperref/pd1e
nc.def
File: pd1enc.def 2026-01-29 v7.01p Hyperref: PDFDocEncoding definition (HO)
Now handling font encoding PD1 ...
... no UTF-8 mapping file for font encoding PD1
)
(/opt/homebrew/Cellar/texlive/20260301/share/texmf-dist/tex/generic/intcalc/int
calc.sty
Package: intcalc 2019/12/15 v1.3 Expandable calculations with integers (HO)
)
\Hy@SavedSpaceFactor=\count317

(/opt/homebrew/Cellar/texlive/20260301/share/texmf-dist/tex/latex/hyperref/puen
c.def
File: puenc.def 2026-01-29 v7.01p Hyperref: PDF Unicode definition (HO)
Now handling font encoding PU ...
... no UTF-8 mapping file for font encoding PU
)
Package hyperref Info: Hyper figures OFF on input line 4201.
Package hyperref Info: Link nesting OFF on input line 4206.
Package hyperref Info: Hyper index ON on input line 4209.
Package hyperref Info: Plain pages OFF on input line 4216.
Package hyperref Info: Backreferencing OFF on input line 4221.
Package hyperref Info: Implicit mode ON; LaTeX internals redefined.
Package hyperref Info: Bookmarks ON on input line 4468.
\c@Hy@tempcnt=\count318
LaTeX Info: Redefining \url on input line 4807.
\XeTeXLinkMargin=\dimen256

(/opt/homebrew/Cellar/texlive/20260301/share/texmf-dist/tex/generic/bitset/bits
et.sty
Package: bitset 2019/12/09 v1.3 Handle bit-vector datatype (HO)

(/opt/homebrew/Cellar/texlive/20260301/share/texmf-dist/tex/generic/bigintcalc/
bigintcalc.sty
Package: bigintcalc 2019/12/15 v1.5 Expandable calculations on big integers (HO
)
))
\Fld@menulength=\count319
\Field@Width=\dimen257
\Fld@charsize=\dimen258
Package hyperref Info: Hyper figures OFF on input line 6084.
Package hyperref Info: Link nesting OFF on input line 6089.
Package hyperref Info: Hyper index ON on input line 6092.
Package hyperref Info: backreferencing OFF on input line 6099.
Package hyperref Info: Link coloring OFF on input line 6104.
Package hyperref Info: Link coloring with OCG OFF on input line 6109.
Package hyperref Info: PDF/A mode OFF on input line 6114.
\Hy@abspage=\count320
\c@Item=\count321
\c@Hfootnote=\count322
)
Package hyperref Info: Driver (autodetected): hpdftex.

(/opt/homebrew/Cellar/texlive/20260301/share/texmf-dist/tex/latex/hyperref/hpdf
tex.def
File: hpdftex.def 2026-01-29 v7.01p Hyperref driver for pdfTeX
\Fld@listcount=\count323
\c@bookmark@seq@number=\count324

(/opt/homebrew/Cellar/texlive/20260301/share/texmf-dist/tex/latex/rerunfilechec
k/rerunfilecheck.sty
Package: rerunfilecheck 2025-06-21 v1.11 Rerun checks for auxiliary files (HO)

(/opt/homebrew/Cellar/texlive/20260301/share/texmf-dist/tex/generic/uniquecount
er/uniquecounter.sty
Package: uniquecounter 2019/12/15 v1.4 Provide unlimited unique counter (HO)
)
Package uniquecounter Info: New unique counter `rerunfilecheck' on input line 2
84.
)
\Hy@SectionHShift=\skip61
)
(/opt/homebrew/Cellar/texlive/20260301/share/texmf-dist/tex/latex/amscls/amsthm
.sty
Package: amsthm 2020/05/29 v2.20.6
\thm@style=\toks28
\thm@bodyfont=\toks29
\thm@headfont=\toks30
\thm@notefont=\toks31
\thm@headpunct=\toks32
\thm@preskip=\skip62
\thm@postskip=\skip63
\thm@headsep=\skip64
\dth@everypar=\toks33
)
\c@proposition=\count325

(/opt/homebrew/Cellar/texlive/20260301/share/texmf-dist/tex/latex/l3backend/l3b
ackend-pdftex.def
File: l3backend-pdftex.def 2025-10-09 L3 backend support: PDF output (pdfTeX)
\l__color_backend_stack_int=\count326
) (./main.aux)
\openout1 = `main.aux'.

LaTeX Font Info:    Checking defaults for OML/cmm/m/it on input line 20.
LaTeX Font Info:    ... okay on input line 20.
LaTeX Font Info:    Checking defaults for OMS/cmsy/m/n on input line 20.
LaTeX Font Info:    ... okay on input line 20.
LaTeX Font Info:    Checking defaults for OT1/cmr/m/n on input line 20.
LaTeX Font Info:    ... okay on input line 20.
LaTeX Font Info:    Checking defaults for T1/cmr/m/n on input line 20.
LaTeX Font Info:    ... okay on input line 20.
LaTeX Font Info:    Checking defaults for TS1/cmr/m/n on input line 20.
LaTeX Font Info:    ... okay on input line 20.
LaTeX Font Info:    Checking defaults for OMX/cmex/m/n on input line 20.
LaTeX Font Info:    ... okay on input line 20.
LaTeX Font Info:    Checking defaults for U/cmr/m/n on input line 20.
LaTeX Font Info:    ... okay on input line 20.
LaTeX Font Info:    Checking defaults for PD1/pdf/m/n on input line 20.
LaTeX Font Info:    ... okay on input line 20.
LaTeX Font Info:    Checking defaults for PU/pdf/m/n on input line 20.
LaTeX Font Info:    ... okay on input line 20.

-- Lines per column: 61 (exact).

(/opt/homebrew/Cellar/texlive/20260301/share/texmf-dist/tex/context/base/mkii/s
upp-pdf.mkii
[Loading MPS to PDF converter (version 2006.09.02).]
\scratchcounter=\count327
\scratchdimen=\dimen259
\scratchbox=\box61
\nofMPsegments=\count328
\nofMParguments=\count329
\everyMPshowfont=\toks34
\MPscratchCnt=\count330
\MPscratchDim=\dimen260
\MPnumerator=\count331
\makeMPintoPDFobject=\count332
\everyMPtoPDFconversion=\toks35
)
(/opt/homebrew/Cellar/texlive/20260301/share/texmf-dist/tex/latex/epstopdf-pkg/
epstopdf-base.sty
Package: epstopdf-base 2020-01-24 v2.11 Base part for package epstopdf
Package epstopdf-base Info: Redefining graphics rule for `.eps' on input line 4
85.

(/opt/homebrew/Cellar/texlive/20260301/share/texmf-dist/tex/latex/latexconfig/e
pstopdf-sys.cfg
File: epstopdf-sys.cfg 2010/07/13 v1.3 Configuration of (r)epstopdf for TeX Liv
e
))
Package hyperref Info: Link coloring OFF on input line 20.
 (./main.out) (./main.out)
\@outlinefile=\write3
\openout3 = `main.out'.

LaTeX Font Info:    Trying to load font information for OT1+phv on input line 2
9.

(/opt/homebrew/Cellar/texlive/20260301/share/texmf-dist/tex/latex/psnfss/ot1phv
.fd
File: ot1phv.fd 2020/03/25 scalable font definitions for OT1/phv.
)
LaTeX Font Info:    Calculating math sizes for size <11.04124> on input line 29
.
LaTeX Font Info:    Trying to load font information for U+msa on input line 29.


(/opt/homebrew/Cellar/texlive/20260301/share/texmf-dist/tex/latex/amsfonts/umsa
.fd
File: umsa.fd 2013/01/14 v3.01 AMS symbols A
)
LaTeX Font Info:    Trying to load font information for U+msb on input line 29.


(/opt/homebrew/Cellar/texlive/20260301/share/texmf-dist/tex/latex/amsfonts/umsb
.fd
File: umsb.fd 2013/01/14 v3.01 AMS symbols B
)
LaTeX Font Info:    Trying to load font information for U+pzd on input line 29.


(/opt/homebrew/Cellar/texlive/20260301/share/texmf-dist/tex/latex/psnfss/upzd.f
d
File: upzd.fd 2001/06/04 font definitions for U/pzd.
) (./sections/01_introduction.tex
Underfull \hbox (badness 10000) in paragraph at lines 3--4
\OT1/ppl/m/n/9.53561 Foundation-model ap-pli-ca-tions in-creas-ingly com-bine
 []


Underfull \hbox (badness 6978) in paragraph at lines 3--4
\OT1/ppl/m/n/9.53561 tuning, pref-er-ence tun-ing, synthetic-data gen-er-a-tion
,
 []

) (./sections/02_related_work.tex [1{/opt/homebrew/Cellar/texlive/20260301/shar
e/texmf-dist/fonts/map/pdftex/updmap/pdftex.map}{/opt/homebrew/Cellar/texlive/2
0260301/share/texmf-dist/fonts/enc/dvips/base/8r.enc}


])
(./sections/03_problem.tex
LaTeX Font Info:    Calculating math sizes for size <9.53561> on input line 3.
) (./sections/04_metric.tex [2])
(./sections/05_algorithm.tex
Package hyperref Info: bookmark level for unknown algorithm defaults to 0 on in
put line 4.
 [3]
<../figures/adcu_pdf/adcu_pipeline.pdf, id=229, 520.34402pt x 122.85901pt>
File: ../figures/adcu_pdf/adcu_pipeline.pdf Graphic file (type pdf)
<use ../figures/adcu_pdf/adcu_pipeline.pdf>
Package pdftex.def Info: ../figures/adcu_pdf/adcu_pipeline.pdf  used on input l
ine 32.
(pdftex.def)             Requested size: 492.03667pt x 116.18109pt.
) (./sections/06_benchmark.tex)
(./sections/07_experiments.tex
(../Third-Best-Data-Centric-Unlearning/submission_tables/submission_table1_audi
t_summary.tex
LaTeX Font Info:    Calculating math sizes for size <8.03> on input line 36.
)
(../Third-Best-Data-Centric-Unlearning/submission_tables/submission_table2_meth
od_summary.tex)
Underfull \hbox (badness 2970) in paragraph at lines 14--15
\OT1/ppl/m/n/9.53561 dele-tion leave re-trieval de-pen-dence. In Fine-TuneSim,
 []


Underfull \hbox (badness 1546) in paragraph at lines 14--15
\OT1/ppl/m/n/9.53561 gradient-ascent and neg-a-tive fine-tuning re-duce di-rect

 []


(../Third-Best-Data-Centric-Unlearning/submission_tables/submission_table3_budg
et_summary.tex) [4]
(../Third-Best-Data-Centric-Unlearning/submission_tables/submission_table6_scor
er_validation.tex)
(../Third-Best-Data-Centric-Unlearning/submission_tables/submission_table4_weig
ht_sensitivity.tex)
(../Third-Best-Data-Centric-Unlearning/submission_tables/submission_table7_blac
kbox.tex)
(../Third-Best-Data-Centric-Unlearning/submission_tables/submission_table8_coun
terfactual_ablation.tex)
(../Third-Best-Data-Centric-Unlearning/submission_tables/submission_table9_robu
stness.tex)
(../Third-Best-Data-Centric-Unlearning/submission_tables/submission_table10_nat
ural_fever_case.tex)
<../figures/adcu_pdf/hybrid_real_detection.pdf, id=264, 505.89pt x 216.81pt>
File: ../figures/adcu_pdf/hybrid_real_detection.pdf Graphic file (type pdf)
<use ../figures/adcu_pdf/hybrid_real_detection.pdf>
Package pdftex.def Info: ../figures/adcu_pdf/hybrid_real_detection.pdf  used on
 input line 40.
(pdftex.def)             Requested size: 252.94499pt x 108.40472pt.
<../figures/adcu_pdf/budget_detection_risk.pdf, id=265, 390.25798pt x 202.356pt
>
File: ../figures/adcu_pdf/budget_detection_risk.pdf Graphic file (type pdf)
<use ../figures/adcu_pdf/budget_detection_risk.pdf>
Package pdftex.def Info: ../figures/adcu_pdf/budget_detection_risk.pdf  used on
 input line 47.
(pdftex.def)             Requested size: 252.94499pt x 131.15622pt.

(../Third-Best-Data-Centric-Unlearning/tables/table3_attack_suite.tex)
Underfull \vbox (badness 10000) has occurred while \output is active []

 [5 <../figures/adcu_pdf/adcu_pipeline.pdf>]
Underfull \vbox (badness 10000) has occurred while \output is active []

 [6 <../figures/adcu_pdf/hybrid_real_detection.pdf> <../figures/adcu_pdf/budget
_detection_risk.pdf>]
(../Third-Best-Data-Centric-Unlearning/advanced_tables/advanced_table1_ci_by_tr
ack.tex)
Underfull \vbox (badness 10000) has occurred while \output is active []


(../Third-Best-Data-Centric-Unlearning/advanced_tables/advanced_table3_pretrain
ed_margins.tex)
LaTeX Font Info:    Trying to load font information for OT1+pcr on input line 6
6.

(/opt/homebrew/Cellar/texlive/20260301/share/texmf-dist/tex/latex/psnfss/ot1pcr
.fd
File: ot1pcr.fd 2001/06/04 font definitions for OT1/pcr.
)
(../Third-Best-Data-Centric-Unlearning/advanced_tables/advanced_table8_tofu_eva
l.tex)
Underfull \hbox (badness 1454) in paragraph at lines 70--71
[]\OT1/ppl/m/n/9.53561 Table []14[] re-ports deleted-derivative top-$\OML/cmm/m
/it/10 k$ \OT1/ppl/m/n/9.53561 hit rates.
 []


(../Third-Best-Data-Centric-Unlearning/advanced_tables/advanced_table4_retrieve
r_hits.tex)
Underfull \vbox (badness 2538) has occurred while \output is active []

 [7]
(../Third-Best-Data-Centric-Unlearning/advanced_tables/advanced_table5_probe_ab
lation.tex)
(../Third-Best-Data-Centric-Unlearning/advanced_tables/advanced_table7_case_stu
dies.tex)
<../figures/adcu_pdf/provenance_case.pdf, id=489, 491.436pt x 165.4983pt>
File: ../figures/adcu_pdf/provenance_case.pdf Graphic file (type pdf)
<use ../figures/adcu_pdf/provenance_case.pdf>
Package pdftex.def Info: ../figures/adcu_pdf/provenance_case.pdf  used on input
 line 84.
(pdftex.def)             Requested size: 252.94499pt x 85.18332pt.
) (./sections/08_discussion.tex
Underfull \hbox (badness 10000) in paragraph at lines 91--1
\OT1/ppl/m/n/9.53561 Across re-peated ex-per-i-ments, ADCU is com-pared
 []


Underfull \hbox (badness 2591) in paragraph at lines 91--1
\OT1/ppl/m/n/9.53561 with ADCU-NoValuation and Uni-form-Probes. ADCU-
 []


Underfull \hbox (badness 4569) in paragraph at lines 91--1
\OT1/ppl/m/n/9.53561 that valuation-guided al-lo-ca-tion mat-ters most when
 []


Underfull \vbox (badness 10000) has occurred while \output is active []

 [8 <../figures/adcu_pdf/provenance_case.pdf>]
Underfull \hbox (badness 1715) in paragraph at lines 7--8
[]\OT1/ppl/m/n/9.53561 The re-peated FEVER-based RAG har-ness strength-
 []


Underfull \hbox (badness 1715) in paragraph at lines 7--8
\OT1/ppl/m/n/9.53561 ens the ev-i-dence be-yond the ini-tial de-ter-min-is-tic 
pi-
 []


Underfull \hbox (badness 2088) in paragraph at lines 7--8
\OT1/ppl/m/n/9.53561 lot. The ad-vanced ex-per-i-ments fur-ther add low-rank
 []


Underfull \vbox (badness 1917) has occurred while \output is active []


Underfull \vbox (badness 1917) has occurred while \output is active []

 [9])
(./sections/09_artifact.tex
Underfull \hbox (badness 10000) in paragraph at lines 7--8
[]\OT1/pcr/m/n/9.53561 run_adcu_submission_experiments.py\OT1/ppl/m/n/9.53561 :

 []


Underfull \hbox (badness 1478) in paragraph at lines 7--8
\OT1/ppl/m/n/9.53561 re-peated Re-al-RAG, Nat-u-ralFEVER, Fine-TuneSim,
 []


Underfull \hbox (badness 5681) in paragraph at lines 8--9
[]\OT1/pcr/m/n/9.53561 run_adcu_advanced_experiments.py\OT1/ppl/m/n/9.53561 : L
oRA-
 []


Underfull \hbox (badness 10000) in paragraph at lines 10--11
[]\OT1/pcr/m/n/9.53561 make_adcu_submission_tables.py \OT1/ppl/m/n/9.53561 and
 []


Underfull \hbox (badness 10000) in paragraph at lines 10--11
\OT1/pcr/m/n/9.53561 make_adcu_advanced_tables.py\OT1/ppl/m/n/9.53561 : manuscr
ipt
 []


Underfull \hbox (badness 10000) in paragraph at lines 11--12
[]\OT1/pcr/m/n/9.53561 make_adcu_submission_figures.py\OT1/ppl/m/n/9.53561 :
 []


(../Third-Best-Data-Centric-Unlearning/submission_tables/submission_table11_mod
el_adjudication_draft.tex) [10]) (./sections/10_conclusion.tex
Underfull \vbox (badness 10000) has occurred while \output is active []

)
(./sections/11_appendix.tex [11]
Underfull \hbox (badness 10000) in paragraph at lines 50--52
[]\OT1/ppl/b/n/9.53561 Target-level false-pass con-trol. \OT1/ppl/m/n/9.53561 A
s-sume
 []


Underfull \hbox (badness 5504) in paragraph at lines 50--52
\OML/cmm/m/it/10 X[]\OT1/cmr/m/n/10 (\OML/cmm/m/it/10 z\OT1/cmr/m/n/10 )\OML/cm
m/m/it/10 ; [] ; X[]\OT1/cmr/m/n/10 (\OML/cmm/m/it/10 z\OT1/cmr/m/n/10 )$ \OT1/
ppl/m/n/9.53561 are in-de-pen-dent draws from the
 []


Underfull \hbox (badness 1394) in paragraph at lines 50--52
\OT1/ppl/m/n/9.53561 de-clared probe dis-tri-bu-tion. Ho-effd-ing's in-equal-it
y for
 []

[12]
Underfull \hbox (badness 1521) in paragraph at lines 83--85
[]\OT1/ppl/b/n/9.53561 Aggregate request-level risk. \OT1/ppl/m/n/9.53561 Let $
\OML/cmm/m/it/10 ^^Y\OT1/cmr/m/n/10 (\OML/cmm/m/it/10 z\OT1/cmr/m/n/10 ) \OMS/c
msy/m/n/10 ^^U \OT1/cmr/m/n/10 0$ \OT1/ppl/m/n/9.53561 and
 []


(../Third-Best-Data-Centric-Unlearning/submission_tables/submission_table5_util
ity_risk.tex) [13]
Underfull \hbox (badness 1490) in paragraph at lines 145--147
\OT1/ppl/m/n/9.53561 are op-tional at run-time. If a Hug-ging-Face model or
 []


Underfull \hbox (badness 4132) in paragraph at lines 157--159
[]\OT1/ppl/b/n/9.53561 Expected re-viewer checks. \OT1/ppl/m/n/9.53561 Re-view-
ers should be
 []


Underfull \hbox (badness 6125) in paragraph at lines 157--159
\OT1/ppl/m/n/9.53561 hit, membership-inference, ex-trac-tion, influence-proxy,
 []

[14]) (./main.bbl
Underfull \hbox (badness 1571) in paragraph at lines 60--64
\OT1/ppl/m/n/8.03 H. Kut-tler, M. Lewis, W.-t. Yih, T. Rock-taschel, S. Riedel,

 []

[15]) [16

] (./main.aux)
 ***********
LaTeX2e <2025-11-01>
L3 programming layer <2026-01-19>
 ***********
Package rerunfilecheck Info: File `main.out' has not changed.
(rerunfilecheck)             Checksum: AF617B4889ACBB0D1B8CFBC7F5A1D3E7;4132.
 ) 
Here is how much of TeX's memory you used:
 11822 strings out of 467525
 201810 string characters out of 5408440
 668466 words of memory out of 5000000
 40339 multiletter control sequences out of 15000+600000
 671969 words of font info for 143 fonts, out of 8000000 for 9000
 1141 hyphenation exceptions out of 8191
 75i,10n,79p,1590b,590s stack positions out of 10000i,1000n,20000p,200000b,200000s
</opt/homebrew/Cellar/texlive/20260301/share/texmf-dist/fonts/type1/public/am
sfonts/cm/cmex10.pfb></opt/homebrew/Cellar/texlive/20260301/share/texmf-dist/fo
nts/type1/public/amsfonts/cm/cmmi10.pfb></opt/homebrew/Cellar/texlive/20260301/
share/texmf-dist/fonts/type1/public/amsfonts/cm/cmmi5.pfb></opt/homebrew/Cellar
/texlive/20260301/share/texmf-dist/fonts/type1/public/amsfonts/cm/cmmi7.pfb></o
pt/homebrew/Cellar/texlive/20260301/share/texmf-dist/fonts/type1/public/amsfont
s/cm/cmr10.pfb></opt/homebrew/Cellar/texlive/20260301/share/texmf-dist/fonts/ty
pe1/public/amsfonts/cm/cmr5.pfb></opt/homebrew/Cellar/texlive/20260301/share/te
xmf-dist/fonts/type1/public/amsfonts/cm/cmr7.pfb></opt/homebrew/Cellar/texlive/
20260301/share/texmf-dist/fonts/type1/public/amsfonts/cm/cmsy10.pfb></opt/homeb
rew/Cellar/texlive/20260301/share/texmf-dist/fonts/type1/public/amsfonts/cm/cms
y5.pfb></opt/homebrew/Cellar/texlive/20260301/share/texmf-dist/fonts/type1/publ
ic/amsfonts/cm/cmsy7.pfb></opt/homebrew/Cellar/texlive/20260301/share/texmf-dis
t/fonts/type1/public/amsfonts/symbols/msbm10.pfb></opt/homebrew/Cellar/texlive/
20260301/share/texmf-dist/fonts/type1/urw/courier/ucrr8a.pfb></opt/homebrew/Cel
lar/texlive/20260301/share/texmf-dist/fonts/type1/urw/helvetic/uhvb8a.pfb></opt
/homebrew/Cellar/texlive/20260301/share/texmf-dist/fonts/type1/urw/helvetic/uhv
r8a.pfb></opt/homebrew/Cellar/texlive/20260301/share/texmf-dist/fonts/type1/urw
/palatino/uplb8a.pfb></opt/homebrew/Cellar/texlive/20260301/share/texmf-dist/fo
nts/type1/urw/palatino/uplr8a.pfb></opt/homebrew/Cellar/texlive/20260301/share/
texmf-dist/fonts/type1/urw/palatino/uplri8a.pfb></opt/homebrew/Cellar/texlive/2
0260301/share/texmf-dist/fonts/type1/urw/zapfding/uzdr.pfb>
Output written on main.pdf (16 pages, 349511 bytes).
PDF statistics:
 701 PDF objects out of 1000 (max. 8388607)
 438 compressed objects within 5 object streams
 136 named destinations out of 1000 (max. 500000)
 229 words of extra memory for PDF output out of 10000 (max. 10000000)

